# JRE version: OpenJDK Runtime Environment Temurin-17.0.3+7 (17.0.3+7) (build 17.0.3+7)
# Java VM: OpenJDK 64-Bit Server VM Temurin-17.0.3+7 (17.0.3+7, mixed mode, sharing, tiered, compressed oops, compressed class ptrs, g1 gc, windows-amd64)
GC Precious Log:
 CPUs: 4 total, 4 available
 Memory: 8082M
 Large Page Support: Disabled
 NUMA Support: Disabled
 Compressed Oops: Enabled (32-bit)
 Heap Region Size: 1M
 Heap Min Capacity: 8M
 Heap Initial Capacity: 128M
 Heap Max Capacity: 2022M
 Pre-touch: Disabled
 Parallel Workers: 4
 Concurrent Workers: 1
 Concurrent Refinement Workers: 4
 Periodic GC: Disabled
Heap:
 garbage-first heap   total 550912K, used 443904K [0x0000000081a00000, 0x0000000100000000)
  region size 1024K, 5 young (5120K), 5 survivors (5120K)
 Metaspace       used 106243K, committed 107648K, reserved 1146880K
  class space    used 15491K, committed 16128K, reserved 1048576K
GC Heap History (20 events):
Event: 63.876 GC heap after
{Heap after GC invocations=53 (full 0):
 garbage-first heap   total 550912K, used 303901K [0x0000000081a00000, 0x0000000100000000)
  region size 1024K, 19 young (19456K), 19 survivors (19456K)
 Metaspace       used 101414K, committed 102848K, reserved 1138688K
  class space    used 14905K, committed 15552K, reserved 1048576K
}
Event: 64.817 GC heap before
{Heap before GC invocations=53 (full 0):
 garbage-first heap   total 550912K, used 466717K [0x0000000081a00000, 0x0000000100000000)
  region size 1024K, 178 young (182272K), 19 survivors (19456K)
 Metaspace       used 101564K, committed 102912K, reserved 1138688K
  class space    used 14929K, committed 15552K, reserved 1048576K
}
Event: 64.837 GC heap after
{Heap after GC invocations=54 (full 0):
 garbage-first heap   total 550912K, used 307022K [0x0000000081a00000, 0x0000000100000000)
  region size 1024K, 14 young (14336K), 14 survivors (14336K)
 Metaspace       used 101564K, committed 102912K, reserved 1138688K
  class space    used 14929K, committed 15552K, reserved 1048576K
}
Event: 66.517 GC heap before
{Heap before GC invocations=54 (full 0):
 garbage-first heap   total 550912K, used 467790K [0x0000000081a00000, 0x0000000100000000)
  region size 1024K, 171 young (175104K), 14 survivors (14336K)
 Metaspace       used 101609K, committed 102976K, reserved 1138688K
  class space    used 14932K, committed 15552K, reserved 1048576K
}
Event: 66.531 GC heap after
{Heap after GC invocations=55 (full 0):
 garbage-first heap   total 550912K, used 314553K [0x0000000081a00000, 0x0000000100000000)
  region size 1024K, 15 young (15360K), 15 survivors (15360K)
 Metaspace       used 101609K, committed 102976K, reserved 1138688K
  class space    used 14932K, committed 15552K, reserved 1048576K
}
Event: 67.177 GC heap before
{Heap before GC invocations=55 (full 0):
 garbage-first heap   total 550912K, used 469177K [0x0000000081a00000, 0x0000000100000000)
  region size 1024K, 166 young (169984K), 15 survivors (15360K)
 Metaspace       used 101655K, committed 103040K, reserved 1138688K
  class space    used 14932K, committed 15552K, reserved 1048576K
}
Event: 67.192 GC heap after
{Heap after GC invocations=56 (full 0):
 garbage-first heap   total 550912K, used 314511K [0x0000000081a00000, 0x0000000100000000)
  region size 1024K, 11 young (11264K), 11 survivors (11264K)
 Metaspace       used 101655K, committed 103040K, reserved 1138688K
  class space    used 14932K, committed 15552K, reserved 1048576K
}
Event: 81.866 GC heap before
{Heap before GC invocations=56 (full 0):
 garbage-first heap   total 550912K, used 469135K [0x0000000081a00000, 0x0000000100000000)
  region size 1024K, 162 young (165888K), 11 survivors (11264K)
 Metaspace       used 102325K, committed 103680K, reserved 1138688K
  class space    used 15000K, committed 15616K, reserved 1048576K
}
Event: 81.883 GC heap after
{Heap after GC invocations=57 (full 0):
 garbage-first heap   total 550912K, used 320655K [0x0000000081a00000, 0x0000000100000000)
  region size 1024K, 17 young (17408K), 17 survivors (17408K)
 Metaspace       used 102325K, committed 103680K, reserved 1138688K
  class space    used 15000K, committed 15616K, reserved 1048576K
}
Event: 81.958 GC heap before
{Heap before GC invocations=57 (full 0):
 garbage-first heap   total 550912K, used 470159K [0x0000000081a00000, 0x0000000100000000)
  region size 1024K, 164 young (167936K), 17 survivors (17408K)
 Metaspace       used 102396K, committed 103808K, reserved 1138688K
  class space    used 15015K, committed 15680K, reserved 1048576K
}
Event: 81.975 GC heap after
{Heap after GC invocations=58 (full 0):
 garbage-first heap   total 550912K, used 321754K [0x0000000081a00000, 0x0000000100000000)
  region size 1024K, 9 young (9216K), 9 survivors (9216K)
 Metaspace       used 102396K, committed 103808K, reserved 1138688K
  class space    used 15015K, committed 15680K, reserved 1048576K
}
Event: 83.777 GC heap before
{Heap before GC invocations=58 (full 0):
 garbage-first heap   total 550912K, used 472282K [0x0000000081a00000, 0x0000000100000000)
  region size 1024K, 157 young (160768K), 9 survivors (9216K)
 Metaspace       used 105240K, committed 106688K, reserved 1146880K
  class space    used 15354K, committed 16000K, reserved 1048576K
}
Event: 83.811 GC heap after
{Heap after GC invocations=59 (full 0):
 garbage-first heap   total 550912K, used 337254K [0x0000000081a00000, 0x0000000100000000)
  region size 1024K, 20 young (20480K), 20 survivors (20480K)
 Metaspace       used 105240K, committed 106688K, reserved 1146880K
  class space    used 15354K, committed 16000K, reserved 1048576K
}
Event: 85.326 GC heap before
{Heap before GC invocations=59 (full 0):
 garbage-first heap   total 550912K, used 463206K [0x0000000081a00000, 0x0000000100000000)
  region size 1024K, 143 young (146432K), 20 survivors (20480K)
 Metaspace       used 106227K, committed 107648K, reserved 1146880K
  class space    used 15487K, committed 16128K, reserved 1048576K
}
Event: 85.391 GC heap after
{Heap after GC invocations=60 (full 0):
 garbage-first heap   total 550912K, used 370509K [0x0000000081a00000, 0x0000000100000000)
  region size 1024K, 18 young (18432K), 18 survivors (18432K)
 Metaspace       used 106227K, committed 107648K, reserved 1146880K
  class space    used 15487K, committed 16128K, reserved 1048576K
}
Event: 85.544 GC heap before
{Heap before GC invocations=60 (full 0):
 garbage-first heap   total 550912K, used 443213K [0x0000000081a00000, 0x0000000100000000)
  region size 1024K, 89 young (91136K), 18 survivors (18432K)
 Metaspace       used 106236K, committed 107648K, reserved 1146880K
  class space    used 15491K, committed 16128K, reserved 1048576K
}
Event: 85.599 GC heap after
{Heap after GC invocations=61 (full 0):
 garbage-first heap   total 550912K, used 404992K [0x0000000081a00000, 0x0000000100000000)
  region size 1024K, 12 young (12288K), 12 survivors (12288K)
 Metaspace       used 106236K, committed 107648K, reserved 1146880K
  class space    used 15491K, committed 16128K, reserved 1048576K
}
Event: 85.691 GC heap before
{Heap before GC invocations=61 (full 0):
 garbage-first heap   total 550912K, used 451072K [0x0000000081a00000, 0x0000000100000000)
  region size 1024K, 57 young (58368K), 12 survivors (12288K)
 Metaspace       used 106243K, committed 107648K, reserved 1146880K
  class space    used 15491K, committed 16128K, reserved 1048576K
}
Event: 85.747 GC heap after
{Heap after GC invocations=62 (full 0):
 garbage-first heap   total 550912K, used 428032K [0x0000000081a00000, 0x0000000100000000)
  region size 1024K, 8 young (8192K), 8 survivors (8192K)
 Metaspace       used 106243K, committed 107648K, reserved 1146880K
  class space    used 15491K, committed 16128K, reserved 1048576K
}
Event: 85.807 GC heap before
{Heap before GC invocations=62 (full 0):
 garbage-first heap   total 550912K, used 460800K [0x0000000081a00000, 0x0000000100000000)
  region size 1024K, 40 young (40960K), 8 survivors (8192K)
 Metaspace       used 106243K, committed 107648K, reserved 1146880K
  class space    used 15491K, committed 16128K, reserved 1048576K
}

