# JRE version: OpenJDK Runtime Environment Temurin-17.0.3+7 (17.0.3+7) (build 17.0.3+7)
# Java VM: OpenJDK 64-Bit Server VM Temurin-17.0.3+7 (17.0.3+7, mixed mode, sharing, tiered, compressed oops, compressed class ptrs, g1 gc, windows-amd64)
GC Precious Log:
 CPUs: 4 total, 4 available
 Memory: 8082M
 Large Page Support: Disabled
 NUMA Support: Disabled
 Compressed Oops: Enabled (32-bit)
 Heap Region Size: 1M
 Heap Min Capacity: 8M
 Heap Initial Capacity: 128M
 Heap Max Capacity: 2022M
 Pre-touch: Disabled
 Parallel Workers: 4
 Concurrent Workers: 1
 Concurrent Refinement Workers: 4
 Periodic GC: Disabled
Heap:
 garbage-first heap   total 590848K, used 242821K [0x0000000081a00000, 0x0000000100000000)
  region size 1024K, 65 young (66560K), 13 survivors (13312K)
 Metaspace       used 84691K, committed 85952K, reserved 1122304K
  class space    used 12593K, committed 13184K, reserved 1048576K
GC Heap History (20 events):
Event: 22.625 GC heap before
{Heap before GC invocations=41 (full 0):
 garbage-first heap   total 275456K, used 195947K [0x0000000081a00000, 0x0000000100000000)
  region size 1024K, 51 young (52224K), 8 survivors (8192K)
 Metaspace       used 53806K, committed 54848K, reserved 1097728K
  class space    used 7917K, committed 8384K, reserved 1048576K
}
Event: 22.635 GC heap after
{Heap after GC invocations=42 (full 0):
 garbage-first heap   total 275456K, used 154470K [0x0000000081a00000, 0x0000000100000000)
  region size 1024K, 2 young (2048K), 2 survivors (2048K)
 Metaspace       used 53806K, committed 54848K, reserved 1097728K
  class space    used 7917K, committed 8384K, reserved 1048576K
}
Event: 22.841 GC heap before
{Heap before GC invocations=42 (full 0):
 garbage-first heap   total 275456K, used 165734K [0x0000000081a00000, 0x0000000100000000)
  region size 1024K, 13 young (13312K), 2 survivors (2048K)
 Metaspace       used 54696K, committed 55744K, reserved 1097728K
  class space    used 8089K, committed 8576K, reserved 1048576K
}
Event: 22.845 GC heap after
{Heap after GC invocations=43 (full 0):
 garbage-first heap   total 275456K, used 154428K [0x0000000081a00000, 0x0000000100000000)
  region size 1024K, 1 young (1024K), 1 survivors (1024K)
 Metaspace       used 54696K, committed 55744K, reserved 1097728K
  class space    used 8089K, committed 8576K, reserved 1048576K
}
Event: 23.486 GC heap before
{Heap before GC invocations=43 (full 0):
 garbage-first heap   total 275456K, used 222012K [0x0000000081a00000, 0x0000000100000000)
  region size 1024K, 67 young (68608K), 1 survivors (1024K)
 Metaspace       used 57073K, committed 58176K, reserved 1105920K
  class space    used 8509K, committed 9024K, reserved 1048576K
}
Event: 23.492 GC heap after
{Heap after GC invocations=44 (full 0):
 garbage-first heap   total 275456K, used 157691K [0x0000000081a00000, 0x0000000100000000)
  region size 1024K, 4 young (4096K), 4 survivors (4096K)
 Metaspace       used 57073K, committed 58176K, reserved 1105920K
  class space    used 8509K, committed 9024K, reserved 1048576K
}
Event: 24.234 GC heap before
{Heap before GC invocations=45 (full 0):
 garbage-first heap   total 306176K, used 223227K [0x0000000081a00000, 0x0000000100000000)
  region size 1024K, 68 young (69632K), 4 survivors (4096K)
 Metaspace       used 60829K, committed 61952K, reserved 1105920K
  class space    used 9230K, committed 9728K, reserved 1048576K
}
Event: 24.241 GC heap after
{Heap after GC invocations=46 (full 0):
 garbage-first heap   total 306176K, used 160717K [0x0000000081a00000, 0x0000000100000000)
  region size 1024K, 7 young (7168K), 7 survivors (7168K)
 Metaspace       used 60829K, committed 61952K, reserved 1105920K
  class space    used 9230K, committed 9728K, reserved 1048576K
}
Event: 24.336 GC heap before
{Heap before GC invocations=46 (full 0):
 garbage-first heap   total 306176K, used 167885K [0x0000000081a00000, 0x0000000100000000)
  region size 1024K, 14 young (14336K), 7 survivors (7168K)
 Metaspace       used 61138K, committed 62272K, reserved 1105920K
  class space    used 9294K, committed 9792K, reserved 1048576K
}
Event: 24.347 GC heap after
{Heap after GC invocations=47 (full 0):
 garbage-first heap   total 306176K, used 161482K [0x0000000081a00000, 0x0000000100000000)
  region size 1024K, 2 young (2048K), 2 survivors (2048K)
 Metaspace       used 61138K, committed 62272K, reserved 1105920K
  class space    used 9294K, committed 9792K, reserved 1048576K
}
Event: 26.897 GC heap before
{Heap before GC invocations=47 (full 0):
 garbage-first heap   total 306176K, used 246474K [0x0000000081a00000, 0x0000000100000000)
  region size 1024K, 86 young (88064K), 2 survivors (2048K)
 Metaspace       used 66088K, committed 67200K, reserved 1105920K
  class space    used 9955K, committed 10432K, reserved 1048576K
}
Event: 26.909 GC heap after
{Heap after GC invocations=48 (full 0):
 garbage-first heap   total 612352K, used 166291K [0x0000000081a00000, 0x0000000100000000)
  region size 1024K, 7 young (7168K), 7 survivors (7168K)
 Metaspace       used 66088K, committed 67200K, reserved 1105920K
  class space    used 9955K, committed 10432K, reserved 1048576K
}
Event: 30.272 GC heap before
{Heap before GC invocations=49 (full 0):
 garbage-first heap   total 590848K, used 449939K [0x0000000081a00000, 0x0000000100000000)
  region size 1024K, 282 young (288768K), 7 survivors (7168K)
 Metaspace       used 78543K, committed 79808K, reserved 1122304K
  class space    used 11912K, committed 12480K, reserved 1048576K
}
Event: 30.291 GC heap after
{Heap after GC invocations=50 (full 0):
 garbage-first heap   total 590848K, used 177866K [0x0000000081a00000, 0x0000000100000000)
  region size 1024K, 18 young (18432K), 18 survivors (18432K)
 Metaspace       used 78543K, committed 79808K, reserved 1122304K
  class space    used 11912K, committed 12480K, reserved 1048576K
}
Event: 30.303 GC heap before
{Heap before GC invocations=50 (full 0):
 garbage-first heap   total 590848K, used 187082K [0x0000000081a00000, 0x0000000100000000)
  region size 1024K, 28 young (28672K), 18 survivors (18432K)
 Metaspace       used 78562K, committed 79808K, reserved 1122304K
  class space    used 11915K, committed 12480K, reserved 1048576K
}
Event: 30.318 GC heap after
{Heap after GC invocations=51 (full 0):
 garbage-first heap   total 590848K, used 178406K [0x0000000081a00000, 0x0000000100000000)
  region size 1024K, 2 young (2048K), 2 survivors (2048K)
 Metaspace       used 78562K, committed 79808K, reserved 1122304K
  class space    used 11915K, committed 12480K, reserved 1048576K
}
Event: 31.687 GC heap before
{Heap before GC invocations=51 (full 0):
 garbage-first heap   total 590848K, used 478438K [0x0000000081a00000, 0x0000000100000000)
  region size 1024K, 295 young (302080K), 2 survivors (2048K)
 Metaspace       used 83698K, committed 84992K, reserved 1122304K
  class space    used 12498K, committed 13120K, reserved 1048576K
}
Event: 31.695 GC heap after
{Heap after GC invocations=52 (full 0):
 garbage-first heap   total 590848K, used 183734K [0x0000000081a00000, 0x0000000100000000)
  region size 1024K, 8 young (8192K), 8 survivors (8192K)
 Metaspace       used 83698K, committed 84992K, reserved 1122304K
  class space    used 12498K, committed 13120K, reserved 1048576K
}
Event: 35.558 GC heap before
{Heap before GC invocations=52 (full 0):
 garbage-first heap   total 590848K, used 490934K [0x0000000081a00000, 0x0000000100000000)
  region size 1024K, 304 young (311296K), 8 survivors (8192K)
 Metaspace       used 84686K, committed 85952K, reserved 1122304K
  class space    used 12593K, committed 13184K, reserved 1048576K
}
Event: 35.575 GC heap after
{Heap after GC invocations=53 (full 0):
 garbage-first heap   total 590848K, used 190597K [0x0000000081a00000, 0x0000000100000000)
  region size 1024K, 13 young (13312K), 13 survivors (13312K)
 Metaspace       used 84686K, committed 85952K, reserved 1122304K
  class space    used 12593K, committed 13184K, reserved 1048576K
}

