# JRE version: OpenJDK Runtime Environment Temurin-17.0.3+7 (17.0.3+7) (build 17.0.3+7)
# Java VM: OpenJDK 64-Bit Server VM Temurin-17.0.3+7 (17.0.3+7, mixed mode, sharing, tiered, compressed oops, compressed class ptrs, g1 gc, windows-amd64)
GC Precious Log:
 CPUs: 4 total, 4 available
 Memory: 8082M
 Large Page Support: Disabled
 NUMA Support: Disabled
 Compressed Oops: Enabled (32-bit)
 Heap Region Size: 1M
 Heap Min Capacity: 8M
 Heap Initial Capacity: 128M
 Heap Max Capacity: 2022M
 Pre-touch: Disabled
 Parallel Workers: 4
 Concurrent Workers: 1
 Concurrent Refinement Workers: 4
 Periodic GC: Disabled
Heap:
 garbage-first heap   total 380928K, used 199575K [0x0000000081a00000, 0x0000000100000000)
  region size 1024K, 24 young (24576K), 8 survivors (8192K)
 Metaspace       used 84477K, committed 85824K, reserved 1122304K
  class space    used 12593K, committed 13184K, reserved 1048576K
GC Heap History (20 events):
Event: 21.022 GC heap before
{Heap before GC invocations=33 (full 0):
 garbage-first heap   total 380928K, used 307448K [0x0000000081a00000, 0x0000000100000000)
  region size 1024K, 200 young (204800K), 7 survivors (7168K)
 Metaspace       used 43287K, committed 44288K, reserved 1089536K
  class space    used 5794K, committed 6208K, reserved 1048576K
}
Event: 21.048 GC heap after
{Heap after GC invocations=34 (full 0):
 garbage-first heap   total 380928K, used 128255K [0x0000000081a00000, 0x0000000100000000)
  region size 1024K, 25 young (25600K), 25 survivors (25600K)
 Metaspace       used 43287K, committed 44288K, reserved 1089536K
  class space    used 5794K, committed 6208K, reserved 1048576K
}
Event: 21.076 GC heap before
{Heap before GC invocations=34 (full 0):
 garbage-first heap   total 380928K, used 129279K [0x0000000081a00000, 0x0000000100000000)
  region size 1024K, 26 young (26624K), 25 survivors (25600K)
 Metaspace       used 43375K, committed 44416K, reserved 1089536K
  class space    used 5815K, committed 6272K, reserved 1048576K
}
Event: 21.100 GC heap after
{Heap after GC invocations=35 (full 0):
 garbage-first heap   total 380928K, used 129570K [0x0000000081a00000, 0x0000000100000000)
  region size 1024K, 2 young (2048K), 2 survivors (2048K)
 Metaspace       used 43375K, committed 44416K, reserved 1089536K
  class space    used 5815K, committed 6272K, reserved 1048576K
}
Event: 24.437 GC heap before
{Heap before GC invocations=35 (full 0):
 garbage-first heap   total 380928K, used 295458K [0x0000000081a00000, 0x0000000100000000)
  region size 1024K, 162 young (165888K), 2 survivors (2048K)
 Metaspace       used 54237K, committed 55296K, reserved 1097728K
  class space    used 7965K, committed 8448K, reserved 1048576K
}
Event: 24.460 GC heap after
{Heap after GC invocations=36 (full 0):
 garbage-first heap   total 380928K, used 148992K [0x0000000081a00000, 0x0000000100000000)
  region size 1024K, 21 young (21504K), 21 survivors (21504K)
 Metaspace       used 54237K, committed 55296K, reserved 1097728K
  class space    used 7965K, committed 8448K, reserved 1048576K
}
Event: 27.430 GC heap before
{Heap before GC invocations=36 (full 0):
 garbage-first heap   total 380928K, used 291328K [0x0000000081a00000, 0x0000000100000000)
  region size 1024K, 160 young (163840K), 21 survivors (21504K)
 Metaspace       used 61188K, committed 62336K, reserved 1105920K
  class space    used 9277K, committed 9792K, reserved 1048576K
}
Event: 27.453 GC heap after
{Heap after GC invocations=37 (full 0):
 garbage-first heap   total 380928K, used 156396K [0x0000000081a00000, 0x0000000100000000)
  region size 1024K, 8 young (8192K), 8 survivors (8192K)
 Metaspace       used 61188K, committed 62336K, reserved 1105920K
  class space    used 9277K, committed 9792K, reserved 1048576K
}
Event: 30.532 GC heap before
{Heap before GC invocations=37 (full 0):
 garbage-first heap   total 380928K, used 293612K [0x0000000081a00000, 0x0000000100000000)
  region size 1024K, 144 young (147456K), 8 survivors (8192K)
 Metaspace       used 70412K, committed 71616K, reserved 1114112K
  class space    used 10547K, committed 11072K, reserved 1048576K
}
Event: 30.554 GC heap after
{Heap after GC invocations=38 (full 0):
 garbage-first heap   total 380928K, used 164987K [0x0000000081a00000, 0x0000000100000000)
  region size 1024K, 16 young (16384K), 16 survivors (16384K)
 Metaspace       used 70412K, committed 71616K, reserved 1114112K
  class space    used 10547K, committed 11072K, reserved 1048576K
}
Event: 33.439 GC heap before
{Heap before GC invocations=39 (full 0):
 garbage-first heap   total 380928K, used 306299K [0x0000000081a00000, 0x0000000100000000)
  region size 1024K, 152 young (155648K), 16 survivors (16384K)
 Metaspace       used 77189K, committed 78400K, reserved 1122304K
  class space    used 11674K, committed 12224K, reserved 1048576K
}
Event: 33.457 GC heap after
{Heap after GC invocations=40 (full 0):
 garbage-first heap   total 380928K, used 169472K [0x0000000081a00000, 0x0000000100000000)
  region size 1024K, 14 young (14336K), 14 survivors (14336K)
 Metaspace       used 77189K, committed 78400K, reserved 1122304K
  class space    used 11674K, committed 12224K, reserved 1048576K
}
Event: 34.471 GC heap before
{Heap before GC invocations=41 (full 0):
 garbage-first heap   total 380928K, used 309760K [0x0000000081a00000, 0x0000000100000000)
  region size 1024K, 151 young (154624K), 14 survivors (14336K)
 Metaspace       used 78425K, committed 79680K, reserved 1122304K
  class space    used 11893K, committed 12416K, reserved 1048576K
}
Event: 34.486 GC heap after
{Heap after GC invocations=42 (full 0):
 garbage-first heap   total 380928K, used 175104K [0x0000000081a00000, 0x0000000100000000)
  region size 1024K, 10 young (10240K), 10 survivors (10240K)
 Metaspace       used 78425K, committed 79680K, reserved 1122304K
  class space    used 11893K, committed 12416K, reserved 1048576K
}
Event: 34.493 GC heap before
{Heap before GC invocations=42 (full 0):
 garbage-first heap   total 380928K, used 182272K [0x0000000081a00000, 0x0000000100000000)
  region size 1024K, 18 young (18432K), 10 survivors (10240K)
 Metaspace       used 78438K, committed 79744K, reserved 1122304K
  class space    used 11897K, committed 12480K, reserved 1048576K
}
Event: 34.502 GC heap after
{Heap after GC invocations=43 (full 0):
 garbage-first heap   total 380928K, used 176002K [0x0000000081a00000, 0x0000000100000000)
  region size 1024K, 2 young (2048K), 2 survivors (2048K)
 Metaspace       used 78438K, committed 79744K, reserved 1122304K
  class space    used 11897K, committed 12480K, reserved 1048576K
}
Event: 34.873 GC heap before
{Heap before GC invocations=43 (full 0):
 garbage-first heap   total 380928K, used 313218K [0x0000000081a00000, 0x0000000100000000)
  region size 1024K, 136 young (139264K), 2 survivors (2048K)
 Metaspace       used 79375K, committed 80576K, reserved 1122304K
  class space    used 12023K, committed 12544K, reserved 1048576K
}
Event: 34.879 GC heap after
{Heap after GC invocations=44 (full 0):
 garbage-first heap   total 380928K, used 177361K [0x0000000081a00000, 0x0000000100000000)
  region size 1024K, 3 young (3072K), 3 survivors (3072K)
 Metaspace       used 79375K, committed 80576K, reserved 1122304K
  class space    used 12023K, committed 12544K, reserved 1048576K
}
Event: 37.312 GC heap before
{Heap before GC invocations=44 (full 0):
 garbage-first heap   total 380928K, used 316625K [0x0000000081a00000, 0x0000000100000000)
  region size 1024K, 140 young (143360K), 3 survivors (3072K)
 Metaspace       used 84258K, committed 85568K, reserved 1122304K
  class space    used 12578K, committed 13184K, reserved 1048576K
}
Event: 37.323 GC heap after
{Heap after GC invocations=45 (full 0):
 garbage-first heap   total 380928K, used 182167K [0x0000000081a00000, 0x0000000100000000)
  region size 1024K, 8 young (8192K), 8 survivors (8192K)
 Metaspace       used 84258K, committed 85568K, reserved 1122304K
  class space    used 12578K, committed 13184K, reserved 1048576K
}

