# JRE version: OpenJDK Runtime Environment Temurin-17.0.3+7 (17.0.3+7) (build 17.0.3+7)
# Java VM: OpenJDK 64-Bit Server VM Temurin-17.0.3+7 (17.0.3+7, mixed mode, sharing, tiered, compressed oops, compressed class ptrs, g1 gc, windows-amd64)
GC Precious Log:
 CPUs: 4 total, 4 available
 Memory: 8082M
 Large Page Support: Disabled
 NUMA Support: Disabled
 Compressed Oops: Enabled (32-bit)
 Heap Region Size: 1M
 Heap Min Capacity: 8M
 Heap Initial Capacity: 128M
 Heap Max Capacity: 2022M
 Pre-touch: Disabled
 Parallel Workers: 4
 Concurrent Workers: 1
 Concurrent Refinement Workers: 4
 Periodic GC: Disabled
Heap:
 garbage-first heap   total 530432K, used 366080K [0x0000000081a00000, 0x0000000100000000)
  region size 1024K, 106 young (108544K), 5 survivors (5120K)
 Metaspace       used 96360K, committed 97728K, reserved 1138688K
  class space    used 14072K, committed 14720K, reserved 1048576K
GC Heap History (20 events):
Event: 22.203 GC heap before
{Heap before GC invocations=44 (full 0):
 garbage-first heap   total 530432K, used 190197K [0x0000000081a00000, 0x0000000100000000)
  region size 1024K, 25 young (25600K), 22 survivors (22528K)
 Metaspace       used 90697K, committed 92096K, reserved 1130496K
  class space    used 13361K, committed 14016K, reserved 1048576K
}
Event: 22.220 GC heap after
{Heap after GC invocations=45 (full 0):
 garbage-first heap   total 530432K, used 188247K [0x0000000081a00000, 0x0000000100000000)
  region size 1024K, 2 young (2048K), 2 survivors (2048K)
 Metaspace       used 90697K, committed 92096K, reserved 1130496K
  class space    used 13361K, committed 14016K, reserved 1048576K
}
Event: 24.154 GC heap before
{Heap before GC invocations=45 (full 0):
 garbage-first heap   total 530432K, used 439127K [0x0000000081a00000, 0x0000000100000000)
  region size 1024K, 245 young (250880K), 2 survivors (2048K)
 Metaspace       used 90972K, committed 92288K, reserved 1130496K
  class space    used 13375K, committed 14016K, reserved 1048576K
}
Event: 24.162 GC heap after
{Heap after GC invocations=46 (full 0):
 garbage-first heap   total 530432K, used 192279K [0x0000000081a00000, 0x0000000100000000)
  region size 1024K, 5 young (5120K), 5 survivors (5120K)
 Metaspace       used 90972K, committed 92288K, reserved 1130496K
  class space    used 13375K, committed 14016K, reserved 1048576K
}
Event: 26.579 GC heap before
{Heap before GC invocations=47 (full 0):
 garbage-first heap   total 530432K, used 441111K [0x0000000081a00000, 0x0000000100000000)
  region size 1024K, 249 young (254976K), 5 survivors (5120K)
 Metaspace       used 91027K, committed 92352K, reserved 1130496K
  class space    used 13382K, committed 14016K, reserved 1048576K
}
Event: 26.591 GC heap after
{Heap after GC invocations=48 (full 0):
 garbage-first heap   total 530432K, used 198385K [0x0000000081a00000, 0x0000000100000000)
  region size 1024K, 13 young (13312K), 13 survivors (13312K)
 Metaspace       used 91027K, committed 92352K, reserved 1130496K
  class space    used 13382K, committed 14016K, reserved 1048576K
}
Event: 26.853 GC heap before
{Heap before GC invocations=48 (full 0):
 garbage-first heap   total 530432K, used 210673K [0x0000000081a00000, 0x0000000100000000)
  region size 1024K, 25 young (25600K), 13 survivors (13312K)
 Metaspace       used 91033K, committed 92352K, reserved 1130496K
  class space    used 13382K, committed 14016K, reserved 1048576K
}
Event: 26.864 GC heap after
{Heap after GC invocations=49 (full 0):
 garbage-first heap   total 530432K, used 199262K [0x0000000081a00000, 0x0000000100000000)
  region size 1024K, 2 young (2048K), 2 survivors (2048K)
 Metaspace       used 91033K, committed 92352K, reserved 1130496K
  class space    used 13382K, committed 14016K, reserved 1048576K
}
Event: 29.617 GC heap before
{Heap before GC invocations=49 (full 0):
 garbage-first heap   total 530432K, used 443998K [0x0000000081a00000, 0x0000000100000000)
  region size 1024K, 241 young (246784K), 2 survivors (2048K)
 Metaspace       used 91085K, committed 92416K, reserved 1130496K
  class space    used 13387K, committed 14016K, reserved 1048576K
}
Event: 29.625 GC heap after
{Heap after GC invocations=50 (full 0):
 garbage-first heap   total 530432K, used 201457K [0x0000000081a00000, 0x0000000100000000)
  region size 1024K, 5 young (5120K), 5 survivors (5120K)
 Metaspace       used 91085K, committed 92416K, reserved 1130496K
  class space    used 13387K, committed 14016K, reserved 1048576K
}
Event: 34.380 GC heap before
{Heap before GC invocations=50 (full 0):
 garbage-first heap   total 530432K, used 448241K [0x0000000081a00000, 0x0000000100000000)
  region size 1024K, 246 young (251904K), 5 survivors (5120K)
 Metaspace       used 91489K, committed 92864K, reserved 1130496K
  class space    used 13440K, committed 14080K, reserved 1048576K
}
Event: 34.385 GC heap after
{Heap after GC invocations=51 (full 0):
 garbage-first heap   total 530432K, used 202510K [0x0000000081a00000, 0x0000000100000000)
  region size 1024K, 6 young (6144K), 6 survivors (6144K)
 Metaspace       used 91489K, committed 92864K, reserved 1130496K
  class space    used 13440K, committed 14080K, reserved 1048576K
}
Event: 37.027 GC heap before
{Heap before GC invocations=51 (full 0):
 garbage-first heap   total 530432K, used 454414K [0x0000000081a00000, 0x0000000100000000)
  region size 1024K, 251 young (257024K), 6 survivors (6144K)
 Metaspace       used 92403K, committed 93824K, reserved 1130496K
  class space    used 13550K, committed 14208K, reserved 1048576K
}
Event: 37.053 GC heap after
{Heap after GC invocations=52 (full 0):
 garbage-first heap   total 530432K, used 217324K [0x0000000081a00000, 0x0000000100000000)
  region size 1024K, 19 young (19456K), 19 survivors (19456K)
 Metaspace       used 92403K, committed 93824K, reserved 1130496K
  class space    used 13550K, committed 14208K, reserved 1048576K
}
Event: 37.640 GC heap before
{Heap before GC invocations=52 (full 0):
 garbage-first heap   total 530432K, used 448748K [0x0000000081a00000, 0x0000000100000000)
  region size 1024K, 244 young (249856K), 19 survivors (19456K)
 Metaspace       used 92695K, committed 94080K, reserved 1130496K
  class space    used 13584K, committed 14208K, reserved 1048576K
}
Event: 37.676 GC heap after
{Heap after GC invocations=53 (full 0):
 garbage-first heap   total 530432K, used 233663K [0x0000000081a00000, 0x0000000100000000)
  region size 1024K, 31 young (31744K), 31 survivors (31744K)
 Metaspace       used 92695K, committed 94080K, reserved 1130496K
  class space    used 13584K, committed 14208K, reserved 1048576K
}
Event: 41.639 GC heap before
{Heap before GC invocations=53 (full 0):
 garbage-first heap   total 530432K, used 440511K [0x0000000081a00000, 0x0000000100000000)
  region size 1024K, 234 young (239616K), 31 survivors (31744K)
 Metaspace       used 95652K, committed 97024K, reserved 1138688K
  class space    used 13987K, committed 14592K, reserved 1048576K
}
Event: 41.695 GC heap after
{Heap after GC invocations=54 (full 0):
 garbage-first heap   total 530432K, used 261575K [0x0000000081a00000, 0x0000000100000000)
  region size 1024K, 28 young (28672K), 28 survivors (28672K)
 Metaspace       used 95652K, committed 97024K, reserved 1138688K
  class space    used 13987K, committed 14592K, reserved 1048576K
}
Event: 41.795 GC heap before
{Heap before GC invocations=54 (full 0):
 garbage-first heap   total 530432K, used 433607K [0x0000000081a00000, 0x0000000100000000)
  region size 1024K, 197 young (201728K), 28 survivors (28672K)
 Metaspace       used 95741K, committed 97088K, reserved 1138688K
  class space    used 13996K, committed 14592K, reserved 1048576K
}
Event: 41.814 GC heap after
{Heap after GC invocations=55 (full 0):
 garbage-first heap   total 530432K, used 263680K [0x0000000081a00000, 0x0000000100000000)
  region size 1024K, 5 young (5120K), 5 survivors (5120K)
 Metaspace       used 95741K, committed 97088K, reserved 1138688K
  class space    used 13996K, committed 14592K, reserved 1048576K
}

